<?xml version="1.0" encoding="UTF-8"?>
<testsuite name="fr.laboiteaminute.lbam.LbamApplicationTests" tests="1" skipped="0" failures="0" errors="0" timestamp="2025-11-19T15:43:30.323Z" hostname="PC_TOM" time="0.287">
  <properties/>
  <testcase name="contextLoads()" classname="fr.laboiteaminute.lbam.LbamApplicationTests" time="0.287"/>
  <system-out><![CDATA[16:43:25.507 [Test worker] INFO org.springframework.test.context.support.AnnotationConfigContextLoaderUtils -- Could not detect default configuration classes for test class [fr.laboiteaminute.lbam.LbamApplicationTests]: LbamApplicationTests does not declare any static, non-private, non-final, nested classes annotated with @Configuration.
16:43:25.657 [Test worker] INFO org.springframework.boot.test.context.SpringBootTestContextBootstrapper -- Found @SpringBootConfiguration fr.laboiteaminute.lbam.LbamApplication for test class fr.laboiteaminute.lbam.LbamApplicationTests

  .   ____          _            __ _ _
 /\\ / ___'_ __ _ _(_)_ __  __ _ \ \ \ \
( ( )\___ | '_ | '_| | '_ \/ _` | \ \ \ \
 \\/  ___)| |_)| | | | | || (_| |  ) ) ) )
  '  |____| .__|_| |_|_| |_\__, | / / / /
 =========|_|==============|___/=/_/_/_/

 :: Spring Boot ::                (v3.5.7)

2025-11-19T16:43:26.142+01:00  INFO 1752 --- [lbam] [    Test worker] f.l.lbam.LbamApplicationTests            : Starting LbamApplicationTests using Java 21.0.7 with PID 1752 (started by thoma in C:\Users\thoma\intellij-workspace\lbam)
2025-11-19T16:43:26.144+01:00  INFO 1752 --- [lbam] [    Test worker] f.l.lbam.LbamApplicationTests            : The following 1 profile is active: "dev"
2025-11-19T16:43:26.896+01:00  INFO 1752 --- [lbam] [    Test worker] .s.d.r.c.RepositoryConfigurationDelegate : Bootstrapping Spring Data JPA repositories in DEFAULT mode.
2025-11-19T16:43:26.985+01:00  INFO 1752 --- [lbam] [    Test worker] .s.d.r.c.RepositoryConfigurationDelegate : Finished Spring Data repository scanning in 73 ms. Found 1 JPA repository interface.
2025-11-19T16:43:27.461+01:00  INFO 1752 --- [lbam] [    Test worker] com.zaxxer.hikari.HikariDataSource       : HikariPool-1 - Starting...
2025-11-19T16:43:27.774+01:00  INFO 1752 --- [lbam] [    Test worker] com.zaxxer.hikari.pool.HikariPool        : HikariPool-1 - Added connection org.postgresql.jdbc.PgConnection@377dfb8d
2025-11-19T16:43:27.775+01:00  INFO 1752 --- [lbam] [    Test worker] com.zaxxer.hikari.HikariDataSource       : HikariPool-1 - Start completed.
2025-11-19T16:43:27.832+01:00  INFO 1752 --- [lbam] [    Test worker] o.hibernate.jpa.internal.util.LogHelper  : HHH000204: Processing PersistenceUnitInfo [name: default]
2025-11-19T16:43:27.902+01:00  INFO 1752 --- [lbam] [    Test worker] org.hibernate.Version                    : HHH000412: Hibernate ORM core version 6.6.33.Final
2025-11-19T16:43:27.954+01:00  INFO 1752 --- [lbam] [    Test worker] o.h.c.internal.RegionFactoryInitiator    : HHH000026: Second-level cache disabled
2025-11-19T16:43:28.505+01:00  INFO 1752 --- [lbam] [    Test worker] o.s.o.j.p.SpringPersistenceUnitInfo      : No LoadTimeWeaver setup: ignoring JPA class transformer
2025-11-19T16:43:28.597+01:00  INFO 1752 --- [lbam] [    Test worker] org.hibernate.orm.connections.pooling    : HHH10001005: Database info:
	Database JDBC URL [Connecting through datasource 'HikariDataSource (HikariPool-1)']
	Database driver: undefined/unknown
	Database version: 18.1
	Autocommit mode: undefined/unknown
	Isolation level: undefined/unknown
	Minimum pool size: undefined/unknown
	Maximum pool size: undefined/unknown
2025-11-19T16:43:29.155+01:00  INFO 1752 --- [lbam] [    Test worker] o.h.e.t.j.p.i.JtaPlatformInitiator       : HHH000489: No JTA platform available (set 'hibernate.transaction.jta.platform' to enable JTA platform integration)
2025-11-19T16:43:29.157+01:00  INFO 1752 --- [lbam] [    Test worker] j.LocalContainerEntityManagerFactoryBean : Initialized JPA EntityManagerFactory for persistence unit 'default'
2025-11-19T16:43:29.522+01:00  WARN 1752 --- [lbam] [    Test worker] JpaBaseConfiguration$JpaWebConfiguration : spring.jpa.open-in-view is enabled by default. Therefore, database queries may be performed during view rendering. Explicitly configure spring.jpa.open-in-view to disable this warning
2025-11-19T16:43:30.099+01:00  WARN 1752 --- [lbam] [    Test worker] .s.s.UserDetailsServiceAutoConfiguration : 

Using generated security password: 5062e16c-8714-4b50-966f-e339c1e84351

This generated password is for development use only. Your security configuration must be updated before running your application in production.

2025-11-19T16:43:30.108+01:00  INFO 1752 --- [lbam] [    Test worker] r$InitializeUserDetailsManagerConfigurer : Global AuthenticationManager configured with UserDetailsService bean with name inMemoryUserDetailsManager
2025-11-19T16:43:30.301+01:00  INFO 1752 --- [lbam] [    Test worker] f.l.lbam.LbamApplicationTests            : Started LbamApplicationTests in 4.46 seconds (process running for 5.665)
]]></system-out>
  <system-err><![CDATA[Mockito is currently self-attaching to enable the inline-mock-maker. This will no longer work in future releases of the JDK. Please add Mockito as an agent to your build as described in Mockito's documentation: https://javadoc.io/doc/org.mockito/mockito-core/latest/org.mockito/org/mockito/Mockito.html#0.3
WARNING: A Java agent has been loaded dynamically (C:\Users\thoma\.gradle\caches\modules-2\files-2.1\net.bytebuddy\byte-buddy-agent\1.17.8\f09415827a71be7ed621c7bd02550678f28bc81c\byte-buddy-agent-1.17.8.jar)
WARNING: If a serviceability tool is in use, please run with -XX:+EnableDynamicAgentLoading to hide this warning
WARNING: If a serviceability tool is not in use, please run with -Djdk.instrument.traceUsage for more information
WARNING: Dynamic loading of agents will be disallowed by default in a future release
]]></system-err>
</testsuite>
